<?xml version="1.0" encoding="UTF-8"?>
<!-- Generated by org.testng.reporters.JUnitXMLReporter -->
<testsuite hostname="DESKTOP-GU56F5N" ignored="0" name="GoIbibo Book Flight" tests="2" failures="0" timestamp="23 Sep 2019 18:02:29 GMT" time="27.9" errors="0">
  <testcase name="searchandBookFlight" time="2.709" classname="com.goibibo.testcases.SearchPageTest"/>
  <testcase name="verify" time="1.912" classname="com.goibibo.testcases.SearchPageTest"/>
</testsuite> <!-- GoIbibo Book Flight -->
